<?xml version="1.0" encoding="UTF-8"?>
<testsuite name="com.tyba.runners.PayProductsRunner" tests="0" skipped="0" failures="0" errors="0" timestamp="1970-01-01T00:00:00" hostname="DESKTOP-JJOH6MQ" time="0.0">
  <properties/>
  <system-out><![CDATA[
1 Scenarios (?[32m1 passed?[0m)
4 Steps (?[32m4 passed?[0m)
0m20,406s

]]></system-out>
  <system-err><![CDATA[[Test worker] INFO net.thucydides.core.steps.ConsoleLoggingListener - Test Suite Started: Yo como usuario deseo realizar la compra de mis productos en el carrito
[Test worker] INFO net.thucydides.core.steps.ConsoleLoggingListener - Test Suite Started: Yo como usuario deseo realizar la compra de mis productos en el carrito
[Test worker] INFO net.thucydides.core.steps.ConsoleLoggingListener - 
 _____ _____ ____ _____   ____ _____  _    ____ _____ _____ ____  
|_   _| ____/ ___|_   _| / ___|_   _|/ \  |  _ \_   _| ____|  _ \ 
  | | |  _| \___ \ | |   \___ \ | | / _ \ | |_) || | |  _| | | | |
  | | | |___ ___) || |    ___) || |/ ___ \|  _ < | | | |___| |_| |
  |_| |_____|____/ |_|   |____/ |_/_/   \_\_| \_\|_| |_____|____/ 
                                                                  

TEST STARTED: Yo como usuario quiero pagar mis productos seleccionados con SafePay
-------------------------------------------------------------------(yo-como-usuario-deseo-realizar-la-compra-de-mis-productos-en-el-carrito;yo-como-usuario-quiero-pagar-mis-productos-seleccionados-con-safepay)
]]></system-err>
</testsuite>
